[
  {
    "line": 1,
    "elements": [
      {
        "start_timestamp": "2020-11-06T07:24:45.494Z",
        "before": [
          {
            "result": {
              "duration": 30554181300,
              "status": "passed"
            },
            "match": {
              "location": "Hooks.beforeScenario()"
            }
          }
        ],
        "line": 4,
        "name": "create new subscriber",
        "description": "",
        "id": "create-new-subscriber-in-admin-portal;create-new-subscriber",
        "after": [
          {
            "result": {
              "error_message": "org.openqa.selenium.NoSuchSessionException: invalid session id\nBuild info: version: \u00273.141.59\u0027, revision: \u0027e82be7d358\u0027, time: \u00272018-11-14T08:17:03\u0027\nSystem info: host: \u0027DESKTOP-LA2C2MS\u0027, ip: \u0027172.16.25.142\u0027, os.name: \u0027Windows 10\u0027, os.arch: \u0027amd64\u0027, os.version: \u002710.0\u0027, java.version: \u00271.8.0_261\u0027\nDriver info: org.openqa.selenium.chrome.ChromeDriver\nCapabilities {acceptInsecureCerts: false, browserName: chrome, browserVersion: 86.0.4240.183, chrome: {chromedriverVersion: 86.0.4240.22 (398b0743353ff..., userDataDir: C:\\Users\\sprit\\AppData\\Loca...}, goog:chromeOptions: {debuggerAddress: localhost:49552}, javascriptEnabled: true, networkConnectionEnabled: false, pageLoadStrategy: normal, platform: WINDOWS, platformName: WINDOWS, proxy: Proxy(), setWindowRect: true, strictFileInteractability: false, timeouts: {implicit: 0, pageLoad: 300000, script: 30000}, unhandledPromptBehavior: dismiss and notify, webauthn:virtualAuthenticators: true}\nSession ID: 792b6d7a1557667228171957caf218bc\r\n\tat sun.reflect.NativeConstructorAccessorImpl.newInstance0(Native Method)\r\n\tat sun.reflect.NativeConstructorAccessorImpl.newInstance(NativeConstructorAccessorImpl.java:62)\r\n\tat sun.reflect.DelegatingConstructorAccessorImpl.newInstance(DelegatingConstructorAccessorImpl.java:45)\r\n\tat java.lang.reflect.Constructor.newInstance(Constructor.java:423)\r\n\tat org.openqa.selenium.remote.http.W3CHttpResponseCodec.createException(W3CHttpResponseCodec.java:187)\r\n\tat org.openqa.selenium.remote.http.W3CHttpResponseCodec.decode(W3CHttpResponseCodec.java:122)\r\n\tat org.openqa.selenium.remote.http.W3CHttpResponseCodec.decode(W3CHttpResponseCodec.java:49)\r\n\tat org.openqa.selenium.remote.HttpCommandExecutor.execute(HttpCommandExecutor.java:158)\r\n\tat org.openqa.selenium.remote.service.DriverCommandExecutor.execute(DriverCommandExecutor.java:83)\r\n\tat org.openqa.selenium.remote.RemoteWebDriver.execute(RemoteWebDriver.java:552)\r\n\tat org.openqa.selenium.remote.RemoteWebDriver.execute(RemoteWebDriver.java:609)\r\n\tat org.openqa.selenium.remote.RemoteWebDriver.close(RemoteWebDriver.java:442)\r\n\tat stepdef.Hooks.afterScenario(Hooks.java:55)\r\n\tat sun.reflect.NativeMethodAccessorImpl.invoke0(Native Method)\r\n\tat sun.reflect.NativeMethodAccessorImpl.invoke(NativeMethodAccessorImpl.java:62)\r\n\tat sun.reflect.DelegatingMethodAccessorImpl.invoke(DelegatingMethodAccessorImpl.java:43)\r\n\tat java.lang.reflect.Method.invoke(Method.java:498)\r\n\tat cucumber.runtime.Utils$1.call(Utils.java:26)\r\n\tat cucumber.runtime.Timeout.timeout(Timeout.java:16)\r\n\tat cucumber.runtime.Utils.invoke(Utils.java:20)\r\n\tat cucumber.runtime.java.JavaHookDefinition.execute(JavaHookDefinition.java:65)\r\n\tat cucumber.runner.HookDefinitionMatch.runStep(HookDefinitionMatch.java:16)\r\n\tat cucumber.runner.TestStep.executeStep(TestStep.java:65)\r\n\tat cucumber.runner.TestStep.run(TestStep.java:50)\r\n\tat cucumber.runner.TestCase.run(TestCase.java:50)\r\n\tat cucumber.runner.Runner.runPickle(Runner.java:50)\r\n\tat io.cucumber.junit.PickleRunners$NoStepDescriptions.run(PickleRunners.java:146)\r\n\tat io.cucumber.junit.FeatureRunner.runChild(FeatureRunner.java:68)\r\n\tat io.cucumber.junit.FeatureRunner.runChild(FeatureRunner.java:23)\r\n\tat org.junit.runners.ParentRunner$3.run(ParentRunner.java:290)\r\n\tat org.junit.runners.ParentRunner$1.schedule(ParentRunner.java:71)\r\n\tat org.junit.runners.ParentRunner.runChildren(ParentRunner.java:288)\r\n\tat org.junit.runners.ParentRunner.access$000(ParentRunner.java:58)\r\n\tat org.junit.runners.ParentRunner$2.evaluate(ParentRunner.java:268)\r\n\tat org.junit.runners.ParentRunner.run(ParentRunner.java:363)\r\n\tat io.cucumber.junit.Cucumber.runChild(Cucumber.java:144)\r\n\tat io.cucumber.junit.Cucumber.runChild(Cucumber.java:65)\r\n\tat org.junit.runners.ParentRunner$3.run(ParentRunner.java:290)\r\n\tat org.apache.maven.surefire.junitcore.pc.Scheduler$1.run(Scheduler.java:410)\r\n\tat java.util.concurrent.Executors$RunnableAdapter.call(Executors.java:511)\r\n\tat java.util.concurrent.FutureTask.run(FutureTask.java:266)\r\n\tat java.util.concurrent.ThreadPoolExecutor.runWorker(ThreadPoolExecutor.java:1149)\r\n\tat java.util.concurrent.ThreadPoolExecutor$Worker.run(ThreadPoolExecutor.java:624)\r\n\tat java.lang.Thread.run(Thread.java:748)\r\n",
              "duration": 16098000,
              "status": "failed"
            },
            "match": {
              "location": "Hooks.afterScenario()"
            }
          }
        ],
        "type": "scenario",
        "keyword": "Scenario",
        "steps": [
          {
            "result": {
              "error_message": "org.openqa.selenium.NoSuchElementException: no such element: Unable to locate element: {\"method\":\"xpath\",\"selector\":\"(//span[@class\u003d\u0027matIconText\u0027]) [2]\"}\n  (Session info: chrome\u003d86.0.4240.183)\nFor documentation on this error, please visit: https://www.seleniumhq.org/exceptions/no_such_element.html\nBuild info: version: \u00273.141.59\u0027, revision: \u0027e82be7d358\u0027, time: \u00272018-11-14T08:17:03\u0027\nSystem info: host: \u0027DESKTOP-LA2C2MS\u0027, ip: \u0027172.16.25.142\u0027, os.name: \u0027Windows 10\u0027, os.arch: \u0027amd64\u0027, os.version: \u002710.0\u0027, java.version: \u00271.8.0_261\u0027\nDriver info: org.openqa.selenium.chrome.ChromeDriver\nCapabilities {acceptInsecureCerts: false, browserName: chrome, browserVersion: 86.0.4240.183, chrome: {chromedriverVersion: 86.0.4240.22 (398b0743353ff..., userDataDir: C:\\Users\\sprit\\AppData\\Loca...}, goog:chromeOptions: {debuggerAddress: localhost:49552}, javascriptEnabled: true, networkConnectionEnabled: false, pageLoadStrategy: normal, platform: WINDOWS, platformName: WINDOWS, proxy: Proxy(), setWindowRect: true, strictFileInteractability: false, timeouts: {implicit: 0, pageLoad: 300000, script: 30000}, unhandledPromptBehavior: dismiss and notify, webauthn:virtualAuthenticators: true}\nSession ID: 792b6d7a1557667228171957caf218bc\n*** Element info: {Using\u003dxpath, value\u003d(//span[@class\u003d\u0027matIconText\u0027]) [2]}\r\n\tat sun.reflect.NativeConstructorAccessorImpl.newInstance0(Native Method)\r\n\tat sun.reflect.NativeConstructorAccessorImpl.newInstance(NativeConstructorAccessorImpl.java:62)\r\n\tat sun.reflect.DelegatingConstructorAccessorImpl.newInstance(DelegatingConstructorAccessorImpl.java:45)\r\n\tat java.lang.reflect.Constructor.newInstance(Constructor.java:423)\r\n\tat org.openqa.selenium.remote.http.W3CHttpResponseCodec.createException(W3CHttpResponseCodec.java:187)\r\n\tat org.openqa.selenium.remote.http.W3CHttpResponseCodec.decode(W3CHttpResponseCodec.java:122)\r\n\tat org.openqa.selenium.remote.http.W3CHttpResponseCodec.decode(W3CHttpResponseCodec.java:49)\r\n\tat org.openqa.selenium.remote.HttpCommandExecutor.execute(HttpCommandExecutor.java:158)\r\n\tat org.openqa.selenium.remote.service.DriverCommandExecutor.execute(DriverCommandExecutor.java:83)\r\n\tat org.openqa.selenium.remote.RemoteWebDriver.execute(RemoteWebDriver.java:552)\r\n\tat org.openqa.selenium.remote.RemoteWebDriver.findElement(RemoteWebDriver.java:323)\r\n\tat org.openqa.selenium.remote.RemoteWebDriver.findElementByXPath(RemoteWebDriver.java:428)\r\n\tat org.openqa.selenium.By$ByXPath.findElement(By.java:353)\r\n\tat org.openqa.selenium.remote.RemoteWebDriver.findElement(RemoteWebDriver.java:315)\r\n\tat org.openqa.selenium.support.pagefactory.DefaultElementLocator.findElement(DefaultElementLocator.java:69)\r\n\tat org.openqa.selenium.support.pagefactory.internal.LocatingElementHandler.invoke(LocatingElementHandler.java:38)\r\n\tat com.sun.proxy.$Proxy18.click(Unknown Source)\r\n\tat stepdef.Createsubscriber.select_subscriber_and_click_on_the_create_new_subscriber(Createsubscriber.java:33)\r\n\tat âœ½.select subscriber and click on the create new subscriber(file:src/test/resources/createsubscriber.feature:5)\r\n",
              "duration": 32508705400,
              "status": "failed"
            },
            "line": 5,
            "name": "select subscriber and click on the create new subscriber",
            "match": {
              "location": "Createsubscriber.select_subscriber_and_click_on_the_create_new_subscriber()"
            },
            "keyword": "Given "
          },
          {
            "result": {
              "duration": 7900,
              "status": "skipped"
            },
            "line": 6,
            "name": "Enter the subscriber details and click next",
            "match": {
              "location": "Createsubscriber.enter_the_subscriber_details_and_click_next()"
            },
            "keyword": "When "
          },
          {
            "result": {
              "duration": 4700,
              "status": "skipped"
            },
            "line": 7,
            "name": "select create subscription",
            "match": {
              "location": "Createsubscriber.select_create_subscription()"
            },
            "keyword": "And "
          },
          {
            "result": {
              "duration": 3400,
              "status": "skipped"
            },
            "line": 8,
            "name": "Enter snaps packages subscription and contracts",
            "match": {
              "location": "Createsubscriber.enter_snaps_packages_subscription_and_contracts()"
            },
            "keyword": "And "
          },
          {
            "result": {
              "duration": 2900,
              "status": "skipped"
            },
            "line": 11,
            "name": "verify subscriber user screen launched and enter subscriber details then click the add user button",
            "match": {
              "location": "Createsubscriber.verify_subscriber_user_screen_launched_and_enter_subscriber_details_then_click_the_add_user_button()"
            },
            "keyword": "When "
          },
          {
            "result": {
              "duration": 5900,
              "status": "skipped"
            },
            "line": 14,
            "name": "verify all updated and click on next button to finish",
            "match": {
              "location": "Createsubscriber.verify_all_updated_and_click_on_next_button_to_finish()"
            },
            "keyword": "Then "
          }
        ],
        "tags": [
          {
            "name": "@tag1"
          }
        ]
      }
    ],
    "name": "Create new subscriber in admin portal",
    "description": "",
    "id": "create-new-subscriber-in-admin-portal",
    "keyword": "Feature",
    "uri": "file:src/test/resources/createsubscriber.feature",
    "tags": []
  },
  {
    "line": 1,
    "elements": [
      {
        "start_timestamp": "2020-11-06T07:24:45.494Z",
        "before": [
          {
            "result": {
              "duration": 30564062300,
              "status": "passed"
            },
            "match": {
              "location": "Hooks.beforeScenario()"
            }
          }
        ],
        "line": 3,
        "name": "login with valid data",
        "description": "",
        "id": "login-page;login-with-valid-data",
        "after": [
          {
            "result": {
              "duration": 426191600,
              "status": "passed"
            },
            "match": {
              "location": "Hooks.afterScenario()"
            }
          }
        ],
        "type": "scenario",
        "keyword": "Scenario",
        "steps": [
          {
            "result": {
              "duration": 17173886400,
              "status": "passed"
            },
            "line": 4,
            "name": "Launch the browser",
            "match": {
              "location": "Login_Execution.launch_the_browser()"
            },
            "keyword": "Given "
          },
          {
            "result": {
              "duration": 1770195200,
              "status": "passed"
            },
            "line": 5,
            "name": "Enter credentials to login",
            "match": {
              "location": "Login_Execution.enter_credentials_to_login(DataTable)"
            },
            "rows": [
              {
                "cells": [
                  "jayakumarraju@ettma.com"
                ]
              }
            ],
            "keyword": "When "
          },
          {
            "result": {
              "duration": 68815100,
              "status": "passed"
            },
            "line": 7,
            "name": "Click Next button",
            "match": {
              "location": "Login_Execution.click_Next_button()"
            },
            "keyword": "Then "
          },
          {
            "result": {
              "duration": 125772900,
              "status": "passed"
            },
            "line": 8,
            "name": "Enter the password",
            "match": {
              "location": "Login_Execution.enter_the_password(DataTable)"
            },
            "rows": [
              {
                "cells": [
                  "Kumar@1989"
                ]
              }
            ],
            "keyword": "And "
          },
          {
            "result": {
              "duration": 12866584200,
              "status": "passed"
            },
            "line": 10,
            "name": "click on the signin button",
            "match": {
              "location": "Login_Execution.click_on_the_signin_button()"
            },
            "keyword": "And "
          }
        ]
      }
    ],
    "name": "Login page",
    "description": "",
    "id": "login-page",
    "keyword": "Feature",
    "uri": "file:src/test/resources/login.feature",
    "tags": []
  }
]